2021-02-01 13:59:42,062 : SVC: bior1.1 train_size: [ 112  364  616  868 1120], train_scores_mean: 0.9304950452773033, test_scores_mean: 0.8585714285714285, train_scores_std: 0.006586730982012715, test_scores_var: 0.01772810520855838 
2021-02-01 13:59:48,502 : SVC: bior1.3 train_size: [ 112  364  616  868 1120], train_scores_mean: 0.931619759272985, test_scores_mean: 0.859, train_scores_std: 0.0093755393996108, test_scores_var: 0.01971221521218324 
2021-02-01 13:59:55,812 : SVC: bior1.5 train_size: [ 112  364  616  868 1120], train_scores_mean: 0.9268494086558603, test_scores_mean: 0.8577142857142857, train_scores_std: 0.004332359797413559, test_scores_var: 0.018757311499622686 
2021-02-01 14:00:02,636 : SVC: bior2.2 train_size: [ 112  364  616  868 1120], train_scores_mean: 0.9305825464857722, test_scores_mean: 0.8512857142857142, train_scores_std: 0.0157843235603378, test_scores_var: 0.015590420920866627 
2021-02-01 14:00:09,454 : SVC: bior2.4 train_size: [ 112  364  616  868 1120], train_scores_mean: 0.9263080145660793, test_scores_mean: 0.8445714285714285, train_scores_std: 0.0060392943355537165, test_scores_var: 0.015478754366378892 
2021-02-01 14:00:16,829 : SVC: bior2.6 train_size: [ 112  364  616  868 1120], train_scores_mean: 0.9207472688601721, test_scores_mean: 0.8431428571428572, train_scores_std: 0.005754267919618946, test_scores_var: 0.012486727647664085 
2021-02-01 14:00:25,002 : SVC: bior2.8 train_size: [ 112  364  616  868 1120], train_scores_mean: 0.9241038961038962, test_scores_mean: 0.8452857142857143, train_scores_std: 0.007098967957617632, test_scores_var: 0.014498416521560316 
2021-02-01 14:00:31,121 : SVC: bior3.1 train_size: [ 112  364  616  868 1120], train_scores_mean: 0.908411161419226, test_scores_mean: 0.8208571428571428, train_scores_std: 0.008451626556814572, test_scores_var: 0.014069796859708734 
2021-02-01 14:00:37,476 : SVC: bior3.3 train_size: [ 112  364  616  868 1120], train_scores_mean: 0.9132974928297507, test_scores_mean: 0.8268571428571428, train_scores_std: 0.00817971946923292, test_scores_var: 0.019288359606937304 
2021-02-01 14:00:44,479 : SVC: bior3.5 train_size: [ 112  364  616  868 1120], train_scores_mean: 0.9154992024104927, test_scores_mean: 0.8285714285714286, train_scores_std: 0.01061482741786203, test_scores_var: 0.01037068080736089 
2021-02-01 14:00:52,475 : SVC: bior3.7 train_size: [ 112  364  616  868 1120], train_scores_mean: 0.9160356095517386, test_scores_mean: 0.8384285714285715, train_scores_std: 0.006355429042804156, test_scores_var: 0.015232886014361511 
2021-02-01 14:01:01,015 : SVC: bior3.9 train_size: [ 112  364  616  868 1120], train_scores_mean: 0.91450682382134, test_scores_mean: 0.8405714285714285, train_scores_std: 0.006204819156911416, test_scores_var: 0.014434934947507574 
2021-02-07 15:41:38,181 : SVC: bior1.1 train_size: [ 112  364  616  868 1120], train_scores_mean: 0.9249933373078534, test_scores_mean: 0.8621428571428572, train_scores_std: 0.008395139314106874, test_scores_var: 0.01746717037233926 
2021-02-07 15:41:44,206 : SVC: bior1.3 train_size: [ 112  364  616  868 1120], train_scores_mean: 0.9278179078985531, test_scores_mean: 0.8565714285714285, train_scores_std: 0.013078457570946797, test_scores_var: 0.021189138534559025 
2021-02-07 15:41:51,634 : SVC: bior1.5 train_size: [ 112  364  616  868 1120], train_scores_mean: 0.9214350004833876, test_scores_mean: 0.8518571428571426, train_scores_std: 0.009071632035412044, test_scores_var: 0.014728841621465136 
2021-02-07 15:41:57,902 : SVC: bior2.2 train_size: [ 112  364  616  868 1120], train_scores_mean: 0.922580459862718, test_scores_mean: 0.8478571428571428, train_scores_std: 0.004506012857296968, test_scores_var: 0.013514919948874647 
2021-02-07 15:42:05,104 : SVC: bior2.4 train_size: [ 112  364  616  868 1120], train_scores_mean: 0.9130562743707904, test_scores_mean: 0.85, train_scores_std: 0.0042304123282366005, test_scores_var: 0.01657389144259792 
2021-02-07 15:42:12,735 : SVC: bior2.6 train_size: [ 112  364  616  868 1120], train_scores_mean: 0.9127180158551127, test_scores_mean: 0.8565714285714285, train_scores_std: 0.0033340213775562913, test_scores_var: 0.01427856964196372 
2021-02-07 15:42:22,776 : SVC: bior2.8 train_size: [ 112  364  616  868 1120], train_scores_mean: 0.9106979874963747, test_scores_mean: 0.8571428571428571, train_scores_std: 0.0037654485813744735, test_scores_var: 0.013317167070195902 
2021-02-07 15:42:30,006 : SVC: bior3.1 train_size: [ 112  364  616  868 1120], train_scores_mean: 0.8879465534465533, test_scores_mean: 0.8355714285714285, train_scores_std: 0.007168510883280041, test_scores_var: 0.022879453397209953 
2021-02-07 15:42:38,177 : SVC: bior3.3 train_size: [ 112  364  616  868 1120], train_scores_mean: 0.8931910508845993, test_scores_mean: 0.8422857142857143, train_scores_std: 0.006943243770478742, test_scores_var: 0.014385366714484689 
2021-02-07 15:42:46,674 : SVC: bior3.5 train_size: [ 112  364  616  868 1120], train_scores_mean: 0.8966019303277367, test_scores_mean: 0.8472857142857142, train_scores_std: 0.003939587474609028, test_scores_var: 0.014040757000349268 
2021-02-07 15:42:55,585 : SVC: bior3.7 train_size: [ 112  364  616  868 1120], train_scores_mean: 0.8961583094325031, test_scores_mean: 0.8462857142857143, train_scores_std: 0.004424335032881778, test_scores_var: 0.0157855526817843 
2021-02-07 15:43:04,959 : SVC: bior3.9 train_size: [ 112  364  616  868 1120], train_scores_mean: 0.8973905529953917, test_scores_mean: 0.8484285714285713, train_scores_std: 0.004281971750440264, test_scores_var: 0.013687473790861129 
2021-02-07 15:43:13,018 : SVC: bior4.4 train_size: [ 112  364  616  868 1120], train_scores_mean: 0.9199127968805388, test_scores_mean: 0.8548571428571428, train_scores_std: 0.009040887714482583, test_scores_var: 0.021936829529262382 
2021-02-07 15:43:21,671 : SVC: bior5.5 train_size: [ 112  364  616  868 1120], train_scores_mean: 0.9172469063194869, test_scores_mean: 0.8538571428571429, train_scores_std: 0.004331072211349857, test_scores_var: 0.023840456097540916 
2021-02-07 15:43:32,244 : SVC: bior6.8 train_size: [ 112  364  616  868 1120], train_scores_mean: 0.9156654232863911, test_scores_mean: 0.8501428571428573, train_scores_std: 0.006740944041917714, test_scores_var: 0.019304223921838712 
2021-02-07 16:00:14,186 : SVC: bior1.1 train_size: [ 112  364  616  868 1120], train_scores_mean: 0.930987351358319, test_scores_mean: 0.848857142857143, train_scores_std: 0.004981274598696905, test_scores_var: 0.021395212128904363 
2021-02-07 16:00:21,189 : SVC: bior1.3 train_size: [ 112  364  616  868 1120], train_scores_mean: 0.9295863894170345, test_scores_mean: 0.8532857142857143, train_scores_std: 0.003951455791993962, test_scores_var: 0.024511554959459673 
2021-02-07 16:00:28,421 : SVC: bior1.5 train_size: [ 112  364  616  868 1120], train_scores_mean: 0.9300703973445907, test_scores_mean: 0.8498571428571429, train_scores_std: 0.005414857486061426, test_scores_var: 0.025519100489553276 
2021-02-07 16:00:35,791 : SVC: bior2.2 train_size: [ 112  364  616  868 1120], train_scores_mean: 0.925120347394541, test_scores_mean: 0.847857142857143, train_scores_std: 0.009106135600925998, test_scores_var: 0.02062295135156409 
2021-02-07 16:00:43,434 : SVC: bior2.4 train_size: [ 112  364  616  868 1120], train_scores_mean: 0.9216260674809063, test_scores_mean: 0.8445714285714285, train_scores_std: 0.008703197350652551, test_scores_var: 0.01747301125876646 
2021-02-07 16:00:52,286 : SVC: bior2.6 train_size: [ 112  364  616  868 1120], train_scores_mean: 0.9188261496567949, test_scores_mean: 0.8471428571428572, train_scores_std: 0.00824885954607416, test_scores_var: 0.020228288940723274 
2021-02-07 16:01:01,394 : SVC: bior2.8 train_size: [ 112  364  616  868 1120], train_scores_mean: 0.9183025522864232, test_scores_mean: 0.845, train_scores_std: 0.003908711450488014, test_scores_var: 0.01830579254816154 
2021-02-07 16:01:07,809 : SVC: bior3.1 train_size: [ 112  364  616  868 1120], train_scores_mean: 0.9057839015822886, test_scores_mean: 0.8220000000000001, train_scores_std: 0.0045480168553153726, test_scores_var: 0.02344772736039351 
2021-02-07 16:01:14,835 : SVC: bior3.3 train_size: [ 112  364  616  868 1120], train_scores_mean: 0.9105383406915666, test_scores_mean: 0.8334285714285713, train_scores_std: 0.009711461656895116, test_scores_var: 0.025923750043667117 
2021-02-07 16:01:22,488 : SVC: bior3.5 train_size: [ 112  364  616  868 1120], train_scores_mean: 0.9061873126873126, test_scores_mean: 0.834, train_scores_std: 0.007109978914935607, test_scores_var: 0.025911938781738645 
2021-02-07 16:01:31,105 : SVC: bior3.7 train_size: [ 112  364  616  868 1120], train_scores_mean: 0.9121360091521382, test_scores_mean: 0.8388571428571427, train_scores_std: 0.008475687373915413, test_scores_var: 0.02420153478013918 
2021-02-07 16:01:40,369 : SVC: bior3.9 train_size: [ 112  364  616  868 1120], train_scores_mean: 0.908189447649125, test_scores_mean: 0.8404285714285715, train_scores_std: 0.011464368331975786, test_scores_var: 0.025935555926651914 
2021-02-07 16:01:48,142 : SVC: bior4.4 train_size: [ 112  364  616  868 1120], train_scores_mean: 0.9185413135251844, test_scores_mean: 0.841, train_scores_std: 0.004258337445668629, test_scores_var: 0.026279502371581533 
2021-02-07 16:01:56,340 : SVC: bior5.5 train_size: [ 112  364  616  868 1120], train_scores_mean: 0.9242280622603204, test_scores_mean: 0.8484285714285715, train_scores_std: 0.0052259056362614145, test_scores_var: 0.019524970929451293 
2021-02-07 16:02:04,644 : SVC: bior6.8 train_size: [ 112  364  616  868 1120], train_scores_mean: 0.9201667203763979, test_scores_mean: 0.8432857142857143, train_scores_std: 0.008818444473574666, test_scores_var: 0.0221543748846726 
2021-02-07 16:02:10,873 : SVC: coif1 train_size: [ 112  364  616  868 1120], train_scores_mean: 0.9175591988656505, test_scores_mean: 0.8448571428571429, train_scores_std: 0.004693771352566257, test_scores_var: 0.02256962018072171 
2021-02-07 16:02:17,916 : SVC: coif2 train_size: [ 112  364  616  868 1120], train_scores_mean: 0.9276402710193032, test_scores_mean: 0.8560000000000001, train_scores_std: 0.006417967236184873, test_scores_var: 0.026958017246777457 
2021-02-07 16:02:26,113 : SVC: coif3 train_size: [ 112  364  616  868 1120], train_scores_mean: 0.9263186813186813, test_scores_mean: 0.8552857142857144, train_scores_std: 0.0068523541961178405, test_scores_var: 0.020162604302145545 
2021-02-07 16:02:35,462 : SVC: coif4 train_size: [ 112  364  616  868 1120], train_scores_mean: 0.9228860091521384, test_scores_mean: 0.8475714285714286, train_scores_std: 0.007079223257257063, test_scores_var: 0.019774235969140887 
2021-02-07 16:02:46,313 : SVC: coif5 train_size: [ 112  364  616  868 1120], train_scores_mean: 0.9182524088814412, test_scores_mean: 0.842, train_scores_std: 0.0075426671511220145, test_scores_var: 0.02310579042189225 
2021-02-07 16:02:59,318 : SVC: coif6 train_size: [ 112  364  616  868 1120], train_scores_mean: 0.9301503174245109, test_scores_mean: 0.8545714285714286, train_scores_std: 0.007609886166738381, test_scores_var: 0.026741391901251625 
2021-02-07 16:03:13,630 : SVC: coif7 train_size: [ 112  364  616  868 1120], train_scores_mean: 0.9293762044407204, test_scores_mean: 0.8555714285714286, train_scores_std: 0.0055544167532637365, test_scores_var: 0.0199795814137681 
2021-02-07 16:03:28,993 : SVC: coif8 train_size: [ 112  364  616  868 1120], train_scores_mean: 0.918224340175953, test_scores_mean: 0.8457142857142858, train_scores_std: 0.005840829119506237, test_scores_var: 0.021698302388219515 
2021-02-07 16:03:46,305 : SVC: coif9 train_size: [ 112  364  616  868 1120], train_scores_mean: 0.9236190100222359, test_scores_mean: 0.8438571428571429, train_scores_std: 0.01151889535204476, test_scores_var: 0.027071334338320725 
2021-02-07 16:04:05,228 : SVC: coif10 train_size: [ 112  364  616  868 1120], train_scores_mean: 0.9305384454255423, test_scores_mean: 0.8564285714285715, train_scores_std: 0.006344372564439113, test_scores_var: 0.027785622475059474 
2021-02-07 16:04:26,164 : SVC: coif11 train_size: [ 112  364  616  868 1120], train_scores_mean: 0.928138812800103, test_scores_mean: 0.854857142857143, train_scores_std: 0.005090225380593155, test_scores_var: 0.019070224681103132 
2021-02-07 16:04:48,236 : SVC: coif12 train_size: [ 112  364  616  868 1120], train_scores_mean: 0.9186260674809061, test_scores_mean: 0.8475714285714286, train_scores_std: 0.0062760510502619824, test_scores_var: 0.021913559309994647 
2021-02-07 16:05:12,626 : SVC: coif13 train_size: [ 112  364  616  868 1120], train_scores_mean: 0.9233180690277465, test_scores_mean: 0.8441428571428572, train_scores_std: 0.011401127341422113, test_scores_var: 0.024780670544863413 
2021-02-07 16:05:38,276 : SVC: coif14 train_size: [ 112  364  616  868 1120], train_scores_mean: 0.9289217798330702, test_scores_mean: 0.8567142857142859, train_scores_std: 0.006189626338977183, test_scores_var: 0.02979521944944887 
2021-02-07 16:06:05,703 : SVC: coif15 train_size: [ 112  364  616  868 1120], train_scores_mean: 0.9272901614514517, test_scores_mean: 0.8561428571428573, train_scores_std: 0.005143177508923549, test_scores_var: 0.01871919237748536 
2021-02-07 16:06:35,391 : SVC: coif16 train_size: [ 112  364  616  868 1120], train_scores_mean: 0.9185460184976313, test_scores_mean: 0.8494285714285714, train_scores_std: 0.005965776004308926, test_scores_var: 0.0209615780680282 
2021-02-07 16:07:07,151 : SVC: coif17 train_size: [ 112  364  616  868 1120], train_scores_mean: 0.9236316183816186, test_scores_mean: 0.8445714285714285, train_scores_std: 0.011607695121297858, test_scores_var: 0.024899799195977457 
2021-02-07 16:07:12,676 : SVC: db1 train_size: [ 112  364  616  868 1120], train_scores_mean: 0.930987351358319, test_scores_mean: 0.848857142857143, train_scores_std: 0.004981274598696905, test_scores_var: 0.021395212128904363 
2021-02-07 16:07:18,752 : SVC: db2 train_size: [ 112  364  616  868 1120], train_scores_mean: 0.9244164786826076, test_scores_mean: 0.8397142857142856, train_scores_std: 0.00867214976179841, test_scores_var: 0.019556302809882974 
2021-02-07 16:07:25,067 : SVC: db3 train_size: [ 112  364  616  868 1120], train_scores_mean: 0.9253145564113305, test_scores_mean: 0.8491428571428571, train_scores_std: 0.005545005385899795, test_scores_var: 0.025148538319191373 
2021-02-07 16:07:31,519 : SVC: db4 train_size: [ 112  364  616  868 1120], train_scores_mean: 0.9223830846572781, test_scores_mean: 0.8468571428571428, train_scores_std: 0.005925174756595233, test_scores_var: 0.021787470655195856 
2021-02-07 16:07:38,478 : SVC: db5 train_size: [ 112  364  616  868 1120], train_scores_mean: 0.9204107263704039, test_scores_mean: 0.8407142857142859, train_scores_std: 0.005869066214275872, test_scores_var: 0.021801516517182463 
2021-02-07 16:07:45,524 : SVC: db6 train_size: [ 112  364  616  868 1120], train_scores_mean: 0.924119686764848, test_scores_mean: 0.8495714285714285, train_scores_std: 0.0044482224565694966, test_scores_var: 0.020706895233329442 
2021-02-07 16:07:53,036 : SVC: db7 train_size: [ 112  364  616  868 1120], train_scores_mean: 0.9234892446263414, test_scores_mean: 0.8382857142857143, train_scores_std: 0.004570138521521397, test_scores_var: 0.02335179056194577 
2021-02-07 16:08:01,155 : SVC: db8 train_size: [ 112  364  616  868 1120], train_scores_mean: 0.9282605297927878, test_scores_mean: 0.8471428571428572, train_scores_std: 0.007568530781842367, test_scores_var: 0.02430251519694945 
2021-02-07 16:08:09,437 : SVC: db9 train_size: [ 112  364  616  868 1120], train_scores_mean: 0.926995738132835, test_scores_mean: 0.8415714285714285, train_scores_std: 0.005784961957977215, test_scores_var: 0.030475818450110274 
2021-02-07 16:08:18,342 : SVC: db10 train_size: [ 112  364  616  868 1120], train_scores_mean: 0.92489278463472, test_scores_mean: 0.8441428571428572, train_scores_std: 0.0034328667451575456, test_scores_var: 0.020981041004503397 
2021-02-07 16:08:27,792 : SVC: db11 train_size: [ 112  364  616  868 1120], train_scores_mean: 0.9283627904353711, test_scores_mean: 0.8481428571428573, train_scores_std: 0.006945070616530175, test_scores_var: 0.027682603392965858 
2021-02-07 16:08:37,412 : SVC: db12 train_size: [ 112  364  616  868 1120], train_scores_mean: 0.9157857223421739, test_scores_mean: 0.8417142857142856, train_scores_std: 0.004947297595022547, test_scores_var: 0.02578165777352225 
2021-02-07 16:08:47,526 : SVC: db13 train_size: [ 112  364  616  868 1120], train_scores_mean: 0.9236332860687699, test_scores_mean: 0.8457142857142858, train_scores_std: 0.005613955640282372, test_scores_var: 0.02550310105193692 
2021-02-07 16:08:58,020 : SVC: db14 train_size: [ 112  364  616  868 1120], train_scores_mean: 0.923182043762689, test_scores_mean: 0.8425714285714285, train_scores_std: 0.007155643398398283, test_scores_var: 0.028699712008794703 
2021-02-07 16:09:09,129 : SVC: db15 train_size: [ 112  364  616  868 1120], train_scores_mean: 0.9204297476716832, test_scores_mean: 0.8402857142857142, train_scores_std: 0.004432870824983959, test_scores_var: 0.027041162878025767 
2021-02-07 16:09:20,303 : SVC: db16 train_size: [ 112  364  616  868 1120], train_scores_mean: 0.9231152718249491, test_scores_mean: 0.8491428571428571, train_scores_std: 0.005372204119856152, test_scores_var: 0.02566264656210322 
2021-02-07 16:09:32,145 : SVC: db17 train_size: [ 112  364  616  868 1120], train_scores_mean: 0.9196228690664174, test_scores_mean: 0.8444285714285714, train_scores_std: 0.0067914310821362905, test_scores_var: 0.03144804591444013 
2021-02-07 16:09:45,152 : SVC: db18 train_size: [ 112  364  616  868 1120], train_scores_mean: 0.9161638603332151, test_scores_mean: 0.847857142857143, train_scores_std: 0.005991523138530541, test_scores_var: 0.028377916104763222 
2021-02-07 16:09:58,594 : SVC: db19 train_size: [ 112  364  616  868 1120], train_scores_mean: 0.9173748187296574, test_scores_mean: 0.8462857142857143, train_scores_std: 0.004579937116353249, test_scores_var: 0.02846766873604696 
2021-02-07 16:10:14,988 : SVC: db20 train_size: [ 112  364  616  868 1120], train_scores_mean: 0.9222088717733878, test_scores_mean: 0.8440000000000001, train_scores_std: 0.0018374982340003591, test_scores_var: 0.02428151224151193 
2021-02-07 16:10:32,330 : SVC: db21 train_size: [ 112  364  616  868 1120], train_scores_mean: 0.9232468660371886, test_scores_mean: 0.8498571428571429, train_scores_std: 0.005396496046609497, test_scores_var: 0.027337646913652064 
2021-02-07 16:10:48,431 : SVC: db22 train_size: [ 112  364  616  868 1120], train_scores_mean: 0.9215102478166995, test_scores_mean: 0.8454285714285714, train_scores_std: 0.008079471568410974, test_scores_var: 0.0295993656854263 
2021-02-07 16:11:03,296 : SVC: db23 train_size: [ 112  364  616  868 1120], train_scores_mean: 0.9114384083658278, test_scores_mean: 0.8447142857142858, train_scores_std: 0.00772059810948635, test_scores_var: 0.029165257497542507 
2021-02-07 16:11:20,117 : SVC: db24 train_size: [ 112  364  616  868 1120], train_scores_mean: 0.9172842963488126, test_scores_mean: 0.8489999999999999, train_scores_std: 0.0046553813450374, test_scores_var: 0.03141233346756574 
2021-02-07 16:11:36,239 : SVC: db25 train_size: [ 112  364  616  868 1120], train_scores_mean: 0.9169939495987883, test_scores_mean: 0.8492857142857144, train_scores_std: 0.004033346214445101, test_scores_var: 0.028309513797106643 
2021-02-07 16:11:53,989 : SVC: db26 train_size: [ 112  364  616  868 1120], train_scores_mean: 0.9170121974799393, test_scores_mean: 0.8514285714285714, train_scores_std: 0.006789164615032388, test_scores_var: 0.02773416076735309 
2021-02-07 16:12:13,162 : SVC: db27 train_size: [ 112  364  616  868 1120], train_scores_mean: 0.9218351970610035, test_scores_mean: 0.8494285714285714, train_scores_std: 0.007209351386930757, test_scores_var: 0.03490804246261066 
2021-02-07 16:12:33,699 : SVC: db28 train_size: [ 112  364  616  868 1120], train_scores_mean: 0.9129700863652477, test_scores_mean: 0.8441428571428572, train_scores_std: 0.007023985058540826, test_scores_var: 0.033962764724843914 
2021-02-07 16:12:52,901 : SVC: db29 train_size: [ 112  364  616  868 1120], train_scores_mean: 0.9125797025555089, test_scores_mean: 0.8518571428571429, train_scores_std: 0.004651430155852052, test_scores_var: 0.03248547556137942 
2021-02-07 16:13:12,869 : SVC: db30 train_size: [ 112  364  616  868 1120], train_scores_mean: 0.9131977860848828, test_scores_mean: 0.8495714285714285, train_scores_std: 0.005792717320408965, test_scores_var: 0.02994212103784396 
2021-02-07 16:13:33,071 : SVC: db31 train_size: [ 112  364  616  868 1120], train_scores_mean: 0.9131680658051625, test_scores_mean: 0.848857142857143, train_scores_std: 0.005431469153139965, test_scores_var: 0.02851064963933903 
2021-02-07 16:13:53,501 : SVC: db32 train_size: [ 112  364  616  868 1120], train_scores_mean: 0.9150328784119107, test_scores_mean: 0.8505714285714285, train_scores_std: 0.007457374788717597, test_scores_var: 0.03290679478249352 
2021-02-07 16:14:14,444 : SVC: db33 train_size: [ 112  364  616  868 1120], train_scores_mean: 0.9127081547484772, test_scores_mean: 0.8428571428571429, train_scores_std: 0.006423621233662618, test_scores_var: 0.0315128739484325 
2021-02-07 16:14:36,504 : SVC: db34 train_size: [ 112  364  616  868 1120], train_scores_mean: 0.9136534836131611, test_scores_mean: 0.8521428571428572, train_scores_std: 0.0051218308123575605, test_scores_var: 0.03176443910785668 
2021-02-07 16:14:58,519 : SVC: db35 train_size: [ 112  364  616  868 1120], train_scores_mean: 0.9156032515871226, test_scores_mean: 0.8480000000000001, train_scores_std: 0.0059259946950747325, test_scores_var: 0.03145777863636741 
2021-02-07 16:15:21,016 : SVC: db36 train_size: [ 112  364  616  868 1120], train_scores_mean: 0.9114860462118527, test_scores_mean: 0.849, train_scores_std: 0.004769616744063831, test_scores_var: 0.026193939164997546 
2021-02-07 16:15:44,217 : SVC: db37 train_size: [ 112  364  616  868 1120], train_scores_mean: 0.9144859898166349, test_scores_mean: 0.8514285714285714, train_scores_std: 0.00829358397503609, test_scores_var: 0.03056608765095254 
2021-02-07 16:16:09,499 : SVC: db38 train_size: [ 112  364  616  868 1120], train_scores_mean: 0.9134884712062131, test_scores_mean: 0.8431428571428571, train_scores_std: 0.005523983852480765, test_scores_var: 0.02921070533421692 
2021-02-07 16:16:28,903 : SVC: dmey train_size: [ 112  364  616  868 1120], train_scores_mean: 0.9201429941026715, test_scores_mean: 0.845, train_scores_std: 0.009851833864731537, test_scores_var: 0.026127630225959823 
2021-02-07 16:16:35,130 : SVC: haar train_size: [ 112  364  616  868 1120], train_scores_mean: 0.930987351358319, test_scores_mean: 0.848857142857143, train_scores_std: 0.004981274598696905, test_scores_var: 0.021395212128904363 
2021-02-07 16:16:40,686 : SVC: rbio1.1 train_size: [ 112  364  616  868 1120], train_scores_mean: 0.930987351358319, test_scores_mean: 0.848857142857143, train_scores_std: 0.004981274598696905, test_scores_var: 0.021395212128904363 
2021-02-07 16:16:46,933 : SVC: rbio1.3 train_size: [ 112  364  616  868 1120], train_scores_mean: 0.930987351358319, test_scores_mean: 0.848857142857143, train_scores_std: 0.004981274598696905, test_scores_var: 0.021395212128904363 
2021-02-07 16:16:53,812 : SVC: rbio1.5 train_size: [ 112  364  616  868 1120], train_scores_mean: 0.930987351358319, test_scores_mean: 0.848857142857143, train_scores_std: 0.004981274598696905, test_scores_var: 0.021395212128904363 
2021-02-07 16:17:00,134 : SVC: rbio2.2 train_size: [ 112  364  616  868 1120], train_scores_mean: 0.924034062711482, test_scores_mean: 0.8428571428571429, train_scores_std: 0.006978697195296993, test_scores_var: 0.022038926600773594 
2021-02-07 16:17:07,104 : SVC: rbio2.4 train_size: [ 112  364  616  868 1120], train_scores_mean: 0.924034062711482, test_scores_mean: 0.8428571428571429, train_scores_std: 0.006978697195296993, test_scores_var: 0.022038926600773594 
2021-02-07 16:17:14,707 : SVC: rbio2.6 train_size: [ 112  364  616  868 1120], train_scores_mean: 0.924034062711482, test_scores_mean: 0.8428571428571429, train_scores_std: 0.006978697195296993, test_scores_var: 0.022038926600773594 
2021-02-07 16:17:22,981 : SVC: rbio2.8 train_size: [ 112  364  616  868 1120], train_scores_mean: 0.924034062711482, test_scores_mean: 0.8428571428571429, train_scores_std: 0.006978697195296993, test_scores_var: 0.022038926600773594 
2021-02-07 16:17:29,017 : SVC: rbio3.1 train_size: [ 112  364  616  868 1120], train_scores_mean: 0.9291168589475042, test_scores_mean: 0.8475714285714286, train_scores_std: 0.007250071435202235, test_scores_var: 0.024772433658963654 
2021-02-07 16:17:35,761 : SVC: rbio3.3 train_size: [ 112  364  616  868 1120], train_scores_mean: 0.9291168589475042, test_scores_mean: 0.8475714285714286, train_scores_std: 0.007250071435202235, test_scores_var: 0.024772433658963654 
2021-02-07 16:17:43,415 : SVC: rbio3.5 train_size: [ 112  364  616  868 1120], train_scores_mean: 0.9291168589475042, test_scores_mean: 0.8475714285714286, train_scores_std: 0.007250071435202235, test_scores_var: 0.024772433658963654 
2021-02-07 16:17:51,817 : SVC: rbio3.7 train_size: [ 112  364  616  868 1120], train_scores_mean: 0.9291168589475042, test_scores_mean: 0.8475714285714286, train_scores_std: 0.007250071435202235, test_scores_var: 0.024772433658963654 
2021-02-07 16:18:00,901 : SVC: rbio3.9 train_size: [ 112  364  616  868 1120], train_scores_mean: 0.9291168589475042, test_scores_mean: 0.8475714285714286, train_scores_std: 0.007250071435202235, test_scores_var: 0.024772433658963654 
2021-02-07 16:18:08,116 : SVC: rbio4.4 train_size: [ 112  364  616  868 1120], train_scores_mean: 0.9186061519126035, test_scores_mean: 0.8462857142857143, train_scores_std: 0.006731833148784604, test_scores_var: 0.02202039870628308 
2021-02-07 16:18:15,389 : SVC: rbio5.5 train_size: [ 112  364  616  868 1120], train_scores_mean: 0.9107174277335568, test_scores_mean: 0.8432857142857143, train_scores_std: 0.004359177510671337, test_scores_var: 0.024532360968603853 
2021-02-07 16:18:23,960 : SVC: rbio6.8 train_size: [ 112  364  616  868 1120], train_scores_mean: 0.9181321339950372, test_scores_mean: 0.8455714285714286, train_scores_std: 0.005327778676490976, test_scores_var: 0.02580934809288278 
2021-02-07 16:18:29,888 : SVC: sym2 train_size: [ 112  364  616  868 1120], train_scores_mean: 0.9244164786826076, test_scores_mean: 0.8397142857142856, train_scores_std: 0.00867214976179841, test_scores_var: 0.019556302809882974 
2021-02-07 16:18:36,372 : SVC: sym3 train_size: [ 112  364  616  868 1120], train_scores_mean: 0.9253145564113305, test_scores_mean: 0.8491428571428571, train_scores_std: 0.005545005385899795, test_scores_var: 0.025148538319191373 
2021-02-07 16:18:43,116 : SVC: sym4 train_size: [ 112  364  616  868 1120], train_scores_mean: 0.9247671683155554, test_scores_mean: 0.8447142857142858, train_scores_std: 0.004007157519018828, test_scores_var: 0.01887120687660416 
2021-02-07 16:18:50,085 : SVC: sym5 train_size: [ 112  364  616  868 1120], train_scores_mean: 0.9217398649737358, test_scores_mean: 0.8442857142857143, train_scores_std: 0.006424522117326244, test_scores_var: 0.02480536479169335 
2021-02-07 16:18:57,370 : SVC: sym6 train_size: [ 112  364  616  868 1120], train_scores_mean: 0.9183680351906158, test_scores_mean: 0.843, train_scores_std: 0.006864234940880643, test_scores_var: 0.022029664601372848 
2021-02-07 16:19:05,188 : SVC: sym7 train_size: [ 112  364  616  868 1120], train_scores_mean: 0.9244862798491831, test_scores_mean: 0.8469999999999999, train_scores_std: 0.006406990164430397, test_scores_var: 0.02194148061158525 
2021-02-07 16:19:13,303 : SVC: sym8 train_size: [ 112  364  616  868 1120], train_scores_mean: 0.9180102719860784, test_scores_mean: 0.8448571428571429, train_scores_std: 0.007317312737576194, test_scores_var: 0.026733759136175008 
2021-02-07 16:19:22,006 : SVC: sym9 train_size: [ 112  364  616  868 1120], train_scores_mean: 0.9226376285005318, test_scores_mean: 0.8461428571428572, train_scores_std: 0.009587149185891231, test_scores_var: 0.026135440009492767 
2021-02-07 16:19:30,883 : SVC: sym10 train_size: [ 112  364  616  868 1120], train_scores_mean: 0.9139694418484741, test_scores_mean: 0.8462857142857143, train_scores_std: 0.007090760472544444, test_scores_var: 0.025590974174182456 
2021-02-07 16:19:40,313 : SVC: sym11 train_size: [ 112  364  616  868 1120], train_scores_mean: 0.9205132206503175, test_scores_mean: 0.8475714285714286, train_scores_std: 0.006507982103571033, test_scores_var: 0.028834503141697644 
2021-02-07 16:19:49,974 : SVC: sym12 train_size: [ 112  364  616  868 1120], train_scores_mean: 0.9195357626244723, test_scores_mean: 0.8464285714285715, train_scores_std: 0.010903318634020946, test_scores_var: 0.027018512172212582 
2021-02-07 16:20:00,090 : SVC: sym13 train_size: [ 112  364  616  868 1120], train_scores_mean: 0.9224094776191551, test_scores_mean: 0.8494285714285714, train_scores_std: 0.003988406870657507, test_scores_var: 0.025884358211089562 
2021-02-07 16:20:10,603 : SVC: sym14 train_size: [ 112  364  616  868 1120], train_scores_mean: 0.9156855644355645, test_scores_mean: 0.8475714285714286, train_scores_std: 0.0070966267183700145, test_scores_var: 0.027333914047257424 
2021-02-07 16:20:21,714 : SVC: sym15 train_size: [ 112  364  616  868 1120], train_scores_mean: 0.920401026392962, test_scores_mean: 0.8484285714285715, train_scores_std: 0.008408389817785135, test_scores_var: 0.025087601621160215 
2021-02-07 16:20:33,404 : SVC: sym16 train_size: [ 112  364  616  868 1120], train_scores_mean: 0.9177735087493153, test_scores_mean: 0.8462857142857143, train_scores_std: 0.009145053463914747, test_scores_var: 0.02390884047922911 
2021-02-07 16:20:45,731 : SVC: sym17 train_size: [ 112  364  616  868 1120], train_scores_mean: 0.9207607473171988, test_scores_mean: 0.8524285714285714, train_scores_std: 0.004538125275916704, test_scores_var: 0.02023333277297739 
2021-02-07 16:20:59,130 : SVC: sym18 train_size: [ 112  364  616  868 1120], train_scores_mean: 0.922821468853727, test_scores_mean: 0.8484285714285713, train_scores_std: 0.009234588516194383, test_scores_var: 0.020493901531919195 
2021-02-07 16:21:12,138 : SVC: sym19 train_size: [ 112  364  616  868 1120], train_scores_mean: 0.9211012455286648, test_scores_mean: 0.8525714285714286, train_scores_std: 0.008912195787287545, test_scores_var: 0.020424075429327438 
2021-02-07 16:21:26,376 : SVC: sym20 train_size: [ 112  364  616  868 1120], train_scores_mean: 0.9152005977893076, test_scores_mean: 0.8442857142857143, train_scores_std: 0.007870322352027453, test_scores_var: 0.02542295283031152 
